<?xml version="1.0" encoding="UTF-8"?>
<!-- Generated by org.testng.reporters.JUnitReportReporter -->
<testsuite hostname="DESKTOP-V1LVTDJ" failures="0" tests="2" name="AdaniGroup.appium.AppiumBasicTest" time="37.791" errors="0" timestamp="2023-06-27T09:28:10 IST" skipped="1">
  <testcase classname="AdaniGroup.appium.AppiumBasicTest" name="loginWithValidCredentials" time="37.791"/>
  <testcase classname="AdaniGroup.appium.AppiumBasicTest" name="startAndroidStudioAndEmulator">
    <skipped/>
  </testcase> <!-- startAndroidStudioAndEmulator -->
</testsuite> <!-- AdaniGroup.appium.AppiumBasicTest -->
