<?xml version="1.0" encoding="UTF-8"?>
<!-- Generated by org.testng.reporters.JUnitReportReporter -->
<testsuite hostname="DESKTOP-V1LVTDJ" failures="0" tests="1" name="AdaniGroup.appium.AppiumBasicTest" time="33.649" errors="0" timestamp="2023-06-22T16:36:32 IST" skipped="0">
  <testcase classname="AdaniGroup.appium.AppiumBasicTest" name="startTest" time="33.649"/>
</testsuite> <!-- AdaniGroup.appium.AppiumBasicTest -->
